j:\application(s)\serial\debug\serial.pch
j:\application(s)\serial\debug\vc143.pdb
j:\application(s)\serial\debug\vc143.idb
j:\application(s)\serial\debug\stdafx.obj
j:\application(s)\serial\debug\serialdlg.obj
j:\application(s)\serial\debug\serial.obj
j:\application(s)\serial\debug\gest_serial.obj
j:\application(s)\serial\debug\c_password.obj
j:\application(s)\serial\debug\code_huffman.obj
j:\application(s)\serial\debug\cluster_size.obj
j:\application(s)\serial\debug\serial.ilk
j:\application(s)\serial\debug\serial.exe
j:\application(s)\serial\debug\serial.pdb
j:\application(s)\serial\debug\richeditlog_demo.res
j:\application(s)\serial\debug\serial.exe.embed.manifest.res
j:\application(s)\serial\debug\serial.exe.embed.manifest
j:\application(s)\serial\debug\serial_manifest.rc
j:\application(s)\serial\debug\serial.tlog\cl.command.1.tlog
j:\application(s)\serial\debug\serial.tlog\cl.read.1.tlog
j:\application(s)\serial\debug\serial.tlog\cl.write.1.tlog
j:\application(s)\serial\debug\serial.tlog\link.command.1.tlog
j:\application(s)\serial\debug\serial.tlog\link.read.1.tlog
j:\application(s)\serial\debug\serial.tlog\link.write.1.tlog
j:\application(s)\serial\debug\serial.tlog\rc.command.1.tlog
j:\application(s)\serial\debug\serial.tlog\rc.read.1.tlog
j:\application(s)\serial\debug\serial.tlog\rc.write.1.tlog
