j:\application(s)\serial\release\serial.pch
j:\application(s)\serial\release\vc143.pdb
j:\application(s)\serial\release\stdafx.obj
j:\application(s)\serial\release\serialdlg.obj
j:\application(s)\serial\release\serial.obj
j:\application(s)\serial\release\gest_serial.obj
j:\application(s)\serial\release\c_password.obj
j:\application(s)\serial\release\code_huffman.obj
j:\application(s)\serial\release\cluster_size.obj
j:\application(s)\serial\release\serial.exe
j:\application(s)\serial\release\serial.pdb
j:\application(s)\serial\release\richeditlog_demo.res
j:\application(s)\serial\release\serial.tlog\cl.command.1.tlog
j:\application(s)\serial\release\serial.tlog\cl.items.tlog
j:\application(s)\serial\release\serial.tlog\cl.read.1.tlog
j:\application(s)\serial\release\serial.tlog\cl.write.1.tlog
j:\application(s)\serial\release\serial.tlog\link.command.1.tlog
j:\application(s)\serial\release\serial.tlog\link.read.1.tlog
j:\application(s)\serial\release\serial.tlog\link.write.1.tlog
j:\application(s)\serial\release\serial.tlog\rc.command.1.tlog
j:\application(s)\serial\release\serial.tlog\rc.read.1.tlog
j:\application(s)\serial\release\serial.tlog\rc.write.1.tlog
